<?xml version="1.0" encoding="UTF-8"?>
<testsuite xmlns:xsi="http://www.w3.org/2001/XMLSchema-instance" xsi:noNamespaceSchemaLocation="https://maven.apache.org/surefire/maven-surefire-plugin/xsd/surefire-test-report-3.0.xsd" version="3.0" name="test.se.kth.iv1350.pointOfSale.controller.ControllerTest" time="0.111" tests="11" errors="0" skipped="0" failures="1">
  <properties>
    <property name="java.specification.version" value="21"/>
    <property name="sun.cpu.isalist" value="amd64"/>
    <property name="sun.jnu.encoding" value="Cp1252"/>
    <property name="java.class.path" value="C:\Users\wilhe\OneDrive - KTH\.Objektorienterad Design\Seminars\Seminar 4\Seminar 4\target\test-classes;C:\Users\wilhe\OneDrive - KTH\.Objektorienterad Design\Seminars\Seminar 4\Seminar 4\target\classes;C:\Users\wilhe\.m2\repository\org\junit\jupiter\junit-jupiter-api\5.10.0\junit-jupiter-api-5.10.0.jar;C:\Users\wilhe\.m2\repository\org\opentest4j\opentest4j\1.3.0\opentest4j-1.3.0.jar;C:\Users\wilhe\.m2\repository\org\junit\platform\junit-platform-commons\1.10.0\junit-platform-commons-1.10.0.jar;C:\Users\wilhe\.m2\repository\org\apiguardian\apiguardian-api\1.1.2\apiguardian-api-1.1.2.jar;C:\Users\wilhe\.m2\repository\org\junit\jupiter\junit-jupiter-engine\5.10.0\junit-jupiter-engine-5.10.0.jar;C:\Users\wilhe\.m2\repository\org\junit\platform\junit-platform-engine\1.10.0\junit-platform-engine-1.10.0.jar;C:\Users\wilhe\.m2\repository\junit\junit\4.13.2\junit-4.13.2.jar;C:\Users\wilhe\.m2\repository\org\hamcrest\hamcrest-core\1.3\hamcrest-core-1.3.jar;"/>
    <property name="java.vm.vendor" value="Oracle Corporation"/>
    <property name="sun.arch.data.model" value="64"/>
    <property name="user.variant" value=""/>
    <property name="java.vendor.url" value="https://java.oracle.com/"/>
    <property name="user.timezone" value="Europe/Stockholm"/>
    <property name="os.name" value="Windows 11"/>
    <property name="java.vm.specification.version" value="21"/>
    <property name="sun.java.launcher" value="SUN_STANDARD"/>
    <property name="user.country" value="SE"/>
    <property name="sun.boot.library.path" value="C:\Program Files\Java\jdk-21\bin"/>
    <property name="sun.java.command" value="C:\Users\wilhe\AppData\Local\Temp\surefire14244567411893530858\surefirebooter-20250514215000677_3.jar C:\Users\wilhe\AppData\Local\Temp\surefire14244567411893530858 2025-05-14T21-50-00_561-jvmRun1 surefire-20250514215000677_1tmp surefire_0-20250514215000677_2tmp"/>
    <property name="jdk.debug" value="release"/>
    <property name="surefire.test.class.path" value="C:\Users\wilhe\OneDrive - KTH\.Objektorienterad Design\Seminars\Seminar 4\Seminar 4\target\test-classes;C:\Users\wilhe\OneDrive - KTH\.Objektorienterad Design\Seminars\Seminar 4\Seminar 4\target\classes;C:\Users\wilhe\.m2\repository\org\junit\jupiter\junit-jupiter-api\5.10.0\junit-jupiter-api-5.10.0.jar;C:\Users\wilhe\.m2\repository\org\opentest4j\opentest4j\1.3.0\opentest4j-1.3.0.jar;C:\Users\wilhe\.m2\repository\org\junit\platform\junit-platform-commons\1.10.0\junit-platform-commons-1.10.0.jar;C:\Users\wilhe\.m2\repository\org\apiguardian\apiguardian-api\1.1.2\apiguardian-api-1.1.2.jar;C:\Users\wilhe\.m2\repository\org\junit\jupiter\junit-jupiter-engine\5.10.0\junit-jupiter-engine-5.10.0.jar;C:\Users\wilhe\.m2\repository\org\junit\platform\junit-platform-engine\1.10.0\junit-platform-engine-1.10.0.jar;C:\Users\wilhe\.m2\repository\junit\junit\4.13.2\junit-4.13.2.jar;C:\Users\wilhe\.m2\repository\org\hamcrest\hamcrest-core\1.3\hamcrest-core-1.3.jar;"/>
    <property name="sun.cpu.endian" value="little"/>
    <property name="user.home" value="C:\Users\wilhe"/>
    <property name="user.language" value="sv"/>
    <property name="java.specification.vendor" value="Oracle Corporation"/>
    <property name="java.version.date" value="2024-10-15"/>
    <property name="java.home" value="C:\Program Files\Java\jdk-21"/>
    <property name="file.separator" value="\"/>
    <property name="basedir" value="C:\Users\wilhe\OneDrive - KTH\.Objektorienterad Design\Seminars\Seminar 4\Seminar 4"/>
    <property name="java.vm.compressedOopsMode" value="Zero based"/>
    <property name="line.separator" value="&#10;"/>
    <property name="java.vm.specification.vendor" value="Oracle Corporation"/>
    <property name="java.specification.name" value="Java Platform API Specification"/>
    <property name="surefire.real.class.path" value="C:\Users\wilhe\AppData\Local\Temp\surefire14244567411893530858\surefirebooter-20250514215000677_3.jar"/>
    <property name="user.script" value=""/>
    <property name="sun.management.compiler" value="HotSpot 64-Bit Tiered Compilers"/>
    <property name="java.runtime.version" value="21.0.5+9-LTS-239"/>
    <property name="user.name" value="Jacob"/>
    <property name="stdout.encoding" value="Cp1252"/>
    <property name="path.separator" value=";"/>
    <property name="os.version" value="10.0"/>
    <property name="java.runtime.name" value="Java(TM) SE Runtime Environment"/>
    <property name="file.encoding" value="UTF-8"/>
    <property name="java.vm.name" value="Java HotSpot(TM) 64-Bit Server VM"/>
    <property name="localRepository" value="C:\Users\wilhe\.m2\repository"/>
    <property name="java.vendor.url.bug" value="https://bugreport.java.com/bugreport/"/>
    <property name="java.io.tmpdir" value="C:\Users\wilhe\AppData\Local\Temp\"/>
    <property name="java.version" value="21.0.5"/>
    <property name="user.dir" value="C:\Users\wilhe\OneDrive - KTH\.Objektorienterad Design\Seminars\Seminar 4\Seminar 4"/>
    <property name="os.arch" value="amd64"/>
    <property name="java.vm.specification.name" value="Java Virtual Machine Specification"/>
    <property name="sun.os.patch.level" value=""/>
    <property name="native.encoding" value="Cp1252"/>
    <property name="java.library.path" value="C:\Program Files\Java\jdk-21\bin;C:\WINDOWS\Sun\Java\bin;C:\WINDOWS\system32;C:\WINDOWS;C:\Program Files\Java\jdk-21\bin;C:\Program Files\Common Files\Oracle\Java\javapath;C:\Program Files (x86)\Common Files\Oracle\Java\java8path;C:\Program Files (x86)\Common Files\Oracle\Java\javapath;C:\WINDOWS\system32;C:\WINDOWS;C:\WINDOWS\System32\Wbem;C:\WINDOWS\System32\WindowsPowerShell\v1.0\;C:\WINDOWS\System32\OpenSSH\;C:\Program Files (x86)\NVIDIA Corporation\PhysX\Common;C:\WINDOWS\system32;C:\WINDOWS;C:\WINDOWS\System32\Wbem;C:\WINDOWS\System32\WindowsPowerShell\v1.0\;C:\WINDOWS\System32\OpenSSH\;C:\Android;C:\Windows\System32;C:\Program Files\Microsoft SQL Server\120\Tools\Binn\;C:\Programmering\msys64\ucrt64\bin;C:\Strawberry\c\bin;C:\Strawberry\perl\site\bin;C:\Strawberry\perl\bin;C:\Program Files\Wolfram Research\WolframScript\;C:\Program Files\NVIDIA Corporation\NVIDIA app\NvDLISR;C:\Program Files\ExifToolGUI;C:\Program Files\ExifTool;C:\Program Files (x86)\Yarn\bin\;C:\Program Files\nodejs\;C:\Program Files\MATLAB\R2024b\bin;C:\Programmering\Apache\maven\apache-maven-3.9.9\bin;C:\Programmering\msys64\ucrt64\bin;C:\Users\wilhe\AppData\Local\Programs\Microsoft VS Code\bin;C:\Users\wilhe\AppData\Local\Programs\Python\Python313\Scripts\;C:\Users\wilhe\AppData\Local\Programs\Python\Python313\;C:\Users\wilhe\AppData\Local\Microsoft\WindowsApps;C:\Users\wilhe\AppData\Local\Yarn\bin;C:\Users\wilhe\AppData\Roaming\npm;c:\Users\wilhe\AppData\Roaming\Code\User\globalStorage\github.copilot-chat\debugCommand;."/>
    <property name="java.vm.info" value="mixed mode, sharing"/>
    <property name="stderr.encoding" value="Cp1252"/>
    <property name="java.vendor" value="Oracle Corporation"/>
    <property name="java.vm.version" value="21.0.5+9-LTS-239"/>
    <property name="sun.io.unicode.encoding" value="UnicodeLittle"/>
    <property name="java.class.version" value="65.0"/>
  </properties>
  <testcase name="testApplyDiscountDoesNotCrash" classname="test.se.kth.iv1350.pointOfSale.controller.ControllerTest" time="0.038">
    <system-out><![CDATA[No discount strategy set. No discount applied.
]]></system-out>
  </testcase>
  <testcase name="testScanItemDatabaseFailureThrowsDatabaseConnectionException" classname="test.se.kth.iv1350.pointOfSale.controller.ControllerTest" time="0.021"/>
  <testcase name="testApplyDiscountLowersTotal" classname="test.se.kth.iv1350.pointOfSale.controller.ControllerTest" time="0.008">
    <failure message="Total should be lowered after discount. ==&gt; expected: &lt;true&gt; but was: &lt;false&gt;" type="org.opentest4j.AssertionFailedError"><![CDATA[org.opentest4j.AssertionFailedError: Total should be lowered after discount. ==> expected: <true> but was: <false>
	at org.junit.jupiter.api.AssertionFailureBuilder.build(AssertionFailureBuilder.java:151)
	at org.junit.jupiter.api.AssertionFailureBuilder.buildAndThrow(AssertionFailureBuilder.java:132)
	at org.junit.jupiter.api.AssertTrue.failNotTrue(AssertTrue.java:63)
	at org.junit.jupiter.api.AssertTrue.assertTrue(AssertTrue.java:36)
	at org.junit.jupiter.api.Assertions.assertTrue(Assertions.java:210)
	at test.se.kth.iv1350.pointOfSale.controller.ControllerTest.testApplyDiscountLowersTotal(ControllerTest.java:103)
	at java.base/java.lang.reflect.Method.invoke(Method.java:580)
	at java.base/java.util.ArrayList.forEach(ArrayList.java:1596)
	at java.base/java.util.ArrayList.forEach(ArrayList.java:1596)
]]></failure>
    <system-out><![CDATA[Total income: 31,69 SEK
No discount strategy set. No discount applied.
]]></system-out>
  </testcase>
  <testcase name="testScanValidItemAddsCorrectItem" classname="test.se.kth.iv1350.pointOfSale.controller.ControllerTest" time="0.002">
    <system-out><![CDATA[Total income: 31,69 SEK
]]></system-out>
  </testcase>
  <testcase name="testInitializePaymentRegistersCorrectly" classname="test.se.kth.iv1350.pointOfSale.controller.ControllerTest" time="0.006">
    <system-out><![CDATA[Total income: 31,69 SEK
-----   Receipt   -----
Time of Sale: 2025-05-14 21:50:01

Bigwheel Oatmeal           1x 29,90   29,90 SEK

Total:                            31,69 SEK
VAT:                               1,79 SEK
Cash:                            100,00 SEK
Change:                           68,31 SEK
----- End receipt -----
]]></system-out>
  </testcase>
  <testcase name="testScanItemDoesNotThrow" classname="test.se.kth.iv1350.pointOfSale.controller.ControllerTest" time="0.002">
    <system-out><![CDATA[Total income: 31,69 SEK
]]></system-out>
  </testcase>
  <testcase name="testGetSoldItemAfterScan" classname="test.se.kth.iv1350.pointOfSale.controller.ControllerTest" time="0.002">
    <system-out><![CDATA[Total income: 63,39 SEK
]]></system-out>
  </testcase>
  <testcase name="testEndSaleReturnsTotalInclVAT" classname="test.se.kth.iv1350.pointOfSale.controller.ControllerTest" time="0.003">
    <system-out><![CDATA[Total income: 63,39 SEK
]]></system-out>
  </testcase>
  <testcase name="testScanInvalidItemThrowsItemInvalidException" classname="test.se.kth.iv1350.pointOfSale.controller.ControllerTest" time="0.006"/>
  <testcase name="testInitializeSaleCreatesNewSale" classname="test.se.kth.iv1350.pointOfSale.controller.ControllerTest" time="0.002">
    <system-out><![CDATA[Total income: 31,69 SEK
]]></system-out>
  </testcase>
  <testcase name="testRunningTotalAfterAddedItems" classname="test.se.kth.iv1350.pointOfSale.controller.ControllerTest" time="0.001">
    <system-out><![CDATA[Total income: 63,39 SEK
]]></system-out>
  </testcase>
</testsuite>